2024-07-10T19:00:41.119Z [info]: 
Get user by id called by 0e4aecdb-ef43-448f-a88c-4396042d4659
2024-07-10T19:00:59.769Z [info]: 
Get user by id called by 0e4aecdb-ef43-448f-a88c-4396042d4659
2024-07-10T19:05:11.548Z [info]: 
Get user by id called by 0e4aecdb-ef43-448f-a88c-4396042d4659
2024-07-10T19:09:43.344Z [info]: 
Get user by id called by 0e4aecdb-ef43-448f-a88c-4396042d4659
2024-07-10T19:11:19.418Z [info]: 
Get user by id called by 0e4aecdb-ef43-448f-a88c-4396042d4659
2024-07-10T19:11:32.944Z [info]: 
Get user by id called by 0e4aecdb-ef43-448f-a88c-4396042d4659
2024-07-10T19:11:47.656Z [info]: 
Get user by id called by 0e4aecdb-ef43-448f-a88c-4396042d4659
2024-07-10T19:12:10.669Z [info]: 
Get user by id called by 0e4aecdb-ef43-448f-a88c-4396042d4659
2024-07-10T19:16:36.754Z [info]: 
Get user by id called by 0e4aecdb-ef43-448f-a88c-4396042d4659
2024-07-10T19:20:40.294Z [info]: 
Get user by id called by 87eae3c2-1843-4559-8888-5ae53df1e2ee
2024-07-10T19:21:36.575Z [info]: 
Get user by id called by 87eae3c2-1843-4559-8888-5ae53df1e2ee
2024-07-10T19:22:02.287Z [info]: 
Get user by id called by 87eae3c2-1843-4559-8888-5ae53df1e2ee
2024-07-10T19:22:09.381Z [info]: 
Get user by id called by 87eae3c2-1843-4559-8888-5ae53df1e2ee
2024-07-10T19:22:14.718Z [info]: 
Get user by id called by 87eae3c2-1843-4559-8888-5ae53df1e2ee
2024-07-10T19:22:31.256Z [info]: 
Get user by id called by 87eae3c2-1843-4559-8888-5ae53df1e2ee
2024-07-10T19:23:10.411Z [info]: 
Get user by id called by 87eae3c2-1843-4559-8888-5ae53df1e2ee
2024-07-10T19:23:20.727Z [info]: 
Get user by id called by 87eae3c2-1843-4559-8888-5ae53df1e2ee
2024-07-10T19:23:48.989Z [info]: 
Get user by id called by 87eae3c2-1843-4559-8888-5ae53df1e2ee
2024-07-10T19:23:51.874Z [info]: 
Get user by id called by 87eae3c2-1843-4559-8888-5ae53df1e2ee
2024-07-10T19:24:01.314Z [info]: 
Get user by id called by 87eae3c2-1843-4559-8888-5ae53df1e2ee
2024-07-10T19:24:13.101Z [info]: 
Get user by id called by 87eae3c2-1843-4559-8888-5ae53df1e2ee
2024-07-10T19:24:21.117Z [info]: 
Get user by id called by 87eae3c2-1843-4559-8888-5ae53df1e2ee
2024-07-10T19:24:32.574Z [info]: 
Get user by id called by 87eae3c2-1843-4559-8888-5ae53df1e2ee
2024-07-10T19:24:49.998Z [info]: 
Get user by id called by 87eae3c2-1843-4559-8888-5ae53df1e2ee
2024-07-10T19:29:57.032Z [info]: 
Get user by id called by 87eae3c2-1843-4559-8888-5ae53df1e2ee
2024-07-10T19:31:52.216Z [info]: 
Get user by id called by 87eae3c2-1843-4559-8888-5ae53df1e2ee
2024-07-10T19:31:55.427Z [info]: 
Get user by id called by 87eae3c2-1843-4559-8888-5ae53df1e2ee
2024-07-10T19:32:41.587Z [info]: 
Get user by id called by 87eae3c2-1843-4559-8888-5ae53df1e2ee
2024-07-10T19:32:46.122Z [info]: 
Get user by id called by 87eae3c2-1843-4559-8888-5ae53df1e2ee
2024-07-10T19:33:53.448Z [info]: 
Get user by id called by 87eae3c2-1843-4559-8888-5ae53df1e2ee
2024-07-10T19:34:17.541Z [info]: 
Get user by id called by 87eae3c2-1843-4559-8888-5ae53df1e2ee
2024-07-10T19:37:11.707Z [info]: 
Get user by id called by 87eae3c2-1843-4559-8888-5ae53df1e2ee
2024-07-10T19:37:13.408Z [info]: 
Get user by id called by 87eae3c2-1843-4559-8888-5ae53df1e2ee
2024-07-10T19:37:21.008Z [info]: 
Get user by id called by 87eae3c2-1843-4559-8888-5ae53df1e2ee
2024-07-10T19:37:22.747Z [info]: 
Get user by id called by 87eae3c2-1843-4559-8888-5ae53df1e2ee
2024-07-10T19:37:29.639Z [info]: 
Get user by id called by 87eae3c2-1843-4559-8888-5ae53df1e2ee
2024-07-10T19:37:31.467Z [info]: 
Get user by id called by 87eae3c2-1843-4559-8888-5ae53df1e2ee
2024-07-10T19:42:08.952Z [info]: 
Get user by id called by 87eae3c2-1843-4559-8888-5ae53df1e2ee
2024-07-10T19:47:10.455Z [info]: 
Get user by id called by 87eae3c2-1843-4559-8888-5ae53df1e2ee
2024-07-10T19:47:13.220Z [info]: 
Get user by id called by 87eae3c2-1843-4559-8888-5ae53df1e2ee
2024-07-10T19:51:37.236Z [info]: 
Get user by id called by 87eae3c2-1843-4559-8888-5ae53df1e2ee
2024-07-10T19:52:56.310Z [info]: 
Get user by id called by 87eae3c2-1843-4559-8888-5ae53df1e2ee
2024-07-10T19:54:11.686Z [info]: 
Get user by id called by 87eae3c2-1843-4559-8888-5ae53df1e2ee
2024-07-10T19:54:15.854Z [info]: 
Get user by id called by 87eae3c2-1843-4559-8888-5ae53df1e2ee
2024-07-10T19:54:38.587Z [info]: 
Get user by id called by 87eae3c2-1843-4559-8888-5ae53df1e2ee
2024-07-10T19:55:08.790Z [info]: 
Get user by id called by 87eae3c2-1843-4559-8888-5ae53df1e2ee
2024-07-10T19:55:15.233Z [info]: 
Get user by id called by 87eae3c2-1843-4559-8888-5ae53df1e2ee
2024-07-10T19:55:18.461Z [info]: 
Get user by id called by 87eae3c2-1843-4559-8888-5ae53df1e2ee
2024-07-10T19:55:25.001Z [info]: 
Get user by id called by 87eae3c2-1843-4559-8888-5ae53df1e2ee
2024-07-10T19:55:44.933Z [info]: 
Get user by id called by 87eae3c2-1843-4559-8888-5ae53df1e2ee
2024-07-10T20:00:01.469Z [info]: 
Get user by id called by 87eae3c2-1843-4559-8888-5ae53df1e2ee
2024-07-10T20:00:03.331Z [info]: 
Get user by id called by 87eae3c2-1843-4559-8888-5ae53df1e2ee
2024-07-10T20:04:05.700Z [info]: 
Get user by id called by 87eae3c2-1843-4559-8888-5ae53df1e2ee
2024-07-10T20:04:29.702Z [info]: 
Get user by id called by 87eae3c2-1843-4559-8888-5ae53df1e2ee
2024-07-10T20:05:30.951Z [info]: 
Get user by id called by 87eae3c2-1843-4559-8888-5ae53df1e2ee
2024-07-10T20:05:32.957Z [info]: 
Get user by id called by 87eae3c2-1843-4559-8888-5ae53df1e2ee
2024-07-10T20:06:00.204Z [info]: 
Get user by id called by 87eae3c2-1843-4559-8888-5ae53df1e2ee
2024-07-10T20:06:03.214Z [info]: 
Get user by id called by 87eae3c2-1843-4559-8888-5ae53df1e2ee
2024-07-10T20:09:20.370Z [info]: 
Get user by id called by 87eae3c2-1843-4559-8888-5ae53df1e2ee
2024-07-10T20:09:24.983Z [info]: 
Get user by id called by 87eae3c2-1843-4559-8888-5ae53df1e2ee
2024-07-10T20:11:53.077Z [info]: 
Get user by id called by 87eae3c2-1843-4559-8888-5ae53df1e2ee
2024-07-10T20:38:23.689Z [info]: 
Get user by id called by 87eae3c2-1843-4559-8888-5ae53df1e2ee
2024-07-10T20:39:45.552Z [info]: 
Get user by id called by 87eae3c2-1843-4559-8888-5ae53df1e2ee
2024-07-10T20:40:04.216Z [info]: 
Get user by id called by 87eae3c2-1843-4559-8888-5ae53df1e2ee
2024-07-10T20:40:19.936Z [info]: 
Get user by id called by 87eae3c2-1843-4559-8888-5ae53df1e2ee
2024-07-10T20:41:09.244Z [info]: 
Get user by id called by 87eae3c2-1843-4559-8888-5ae53df1e2ee
2024-07-10T20:41:41.682Z [info]: 
Get user by id called by 87eae3c2-1843-4559-8888-5ae53df1e2ee
2024-07-10T20:41:46.765Z [info]: getMainVideo called
2024-07-10T20:41:46.765Z [info]: video path: C:\Users\Tom\Documents\code\javascript\cat_app_server\src\media\approved\1718827609082-compressed.mp4
2024-07-10T20:41:46.766Z [info]: fileSize: 3504756
2024-07-10T20:41:46.766Z [info]: range: undefined
2024-07-10T20:42:09.634Z [info]: 
Get user by id called by 87eae3c2-1843-4559-8888-5ae53df1e2ee
